<?xml version="1.0" encoding="utf-8"?><testsuites name="pytest tests"><testsuite name="pytest" errors="0" failures="0" skipped="0" tests="6" time="1.721" timestamp="2026-07-18T01:29:41.955103+00:00" hostname="agent-env-3d5bb02c-0ab9-44b1-b6be-6651f7fe5c72"><testcase classname="backend.tests.test_monetization_gate.TestBillingEndpointsUntouched" name="test_billing_catalog_public" time="0.177" /><testcase classname="backend.tests.test_monetization_gate.TestBillingEndpointsUntouched" name="test_billing_checkout_requires_auth" time="0.146" /><testcase classname="backend.tests.test_monetization_gate.TestBillingEndpointsUntouched" name="test_billing_checkout_auth_ok" time="0.999" /><testcase classname="backend.tests.test_monetization_gate.TestBillingEndpointsUntouched" name="test_billing_checkout_bad_package" time="0.141" /><testcase classname="backend.tests.test_monetization_gate.TestReviewerAccount" name="test_login_reviewer" time="0.099" /><testcase classname="backend.tests.test_monetization_gate.TestReviewerAccount" name="test_jobs_list_accessible" time="0.136" /></testsuite></testsuites>