<?xml version="1.0" encoding="utf-8"?><testsuites name="pytest tests"><testsuite name="pytest" errors="0" failures="0" skipped="0" tests="38" time="8.917" timestamp="2026-04-30T13:37:20.282398+00:00" hostname="agent-env-3d5bb02c-0ab9-44b1-b6be-6651f7fe5c72"><testcase classname="tests.test_quickgig_api" name="test_health" time="0.184" /><testcase classname="tests.test_quickgig_api" name="test_register_user_a" time="0.350" /><testcase classname="tests.test_quickgig_api" name="test_register_user_b" time="0.399" /><testcase classname="tests.test_quickgig_api" name="test_register_duplicate_fails" time="0.110" /><testcase classname="tests.test_quickgig_api" name="test_login_user_a" time="0.364" /><testcase classname="tests.test_quickgig_api" name="test_login_wrong_password" time="0.335" /><testcase classname="tests.test_quickgig_api" name="test_me_endpoint" time="0.143" /><testcase classname="tests.test_quickgig_api" name="test_me_no_token" time="0.164" /><testcase classname="tests.test_quickgig_api" name="test_create_job_unverified_blocked" time="0.145" /><testcase classname="tests.test_quickgig_api" name="test_verify_id_a" time="0.131" /><testcase classname="tests.test_quickgig_api" name="test_verify_id_b" time="0.162" /><testcase classname="tests.test_quickgig_api" name="test_create_job_after_verify" time="0.231" /><testcase classname="tests.test_quickgig_api" name="test_create_far_job_for_distance" time="0.108" /><testcase classname="tests.test_quickgig_api" name="test_list_jobs_basic" time="0.101" /><testcase classname="tests.test_quickgig_api" name="test_list_jobs_search" time="0.117" /><testcase classname="tests.test_quickgig_api" name="test_list_jobs_distance_filter" time="0.146" /><testcase classname="tests.test_quickgig_api" name="test_accept_own_job_blocked" time="0.153" /><testcase classname="tests.test_quickgig_api" name="test_accept_job_by_b" time="0.114" /><testcase classname="tests.test_quickgig_api" name="test_jobs_mine_a" time="0.109" /><testcase classname="tests.test_quickgig_api" name="test_jobs_mine_b" time="0.113" /><testcase classname="tests.test_quickgig_api" name="test_conversations_auto_created" time="0.121" /><testcase classname="tests.test_quickgig_api" name="test_send_and_get_message" time="0.459" /><testcase classname="tests.test_quickgig_api" name="test_outsider_cannot_read_messages" time="0.467" /><testcase classname="tests.test_quickgig_api" name="test_complete_job" time="0.117" /><testcase classname="tests.test_quickgig_api" name="test_review_worker" time="0.126" /><testcase classname="tests.test_quickgig_api" name="test_review_updates_rating_avg" time="0.118" /><testcase classname="tests.test_quickgig_api" name="test_duplicate_review_blocked" time="0.128" /><testcase classname="tests.test_quickgig_api" name="test_get_user_reviews" time="0.138" /><testcase classname="tests.test_quickgig_api" name="test_admin_login" time="0.332" /><testcase classname="tests.test_quickgig_api" name="test_admin_users_list" time="0.121" /><testcase classname="tests.test_quickgig_api" name="test_admin_users_list_forbidden_for_user" time="0.105" /><testcase classname="tests.test_quickgig_api" name="test_admin_stats" time="0.123" /><testcase classname="tests.test_quickgig_api" name="test_admin_conversations" time="0.103" /><testcase classname="tests.test_quickgig_api" name="test_admin_view_chat_history" time="0.139" /><testcase classname="tests.test_quickgig_api" name="test_admin_ban_user" time="0.470" /><testcase classname="tests.test_quickgig_api" name="test_admin_unban_user" time="0.436" /><testcase classname="tests.test_quickgig_api" name="test_admin_change_password" time="1.460" /><testcase classname="tests.test_quickgig_api" name="test_admin_cannot_be_banned" time="0.219" /></testsuite></testsuites>