<?xml version="1.0" encoding="utf-8"?><testsuites name="pytest tests"><testsuite name="pytest" errors="0" failures="0" skipped="0" tests="7" time="9.079" timestamp="2026-07-08T13:32:01.213979+00:00" hostname="agent-env-3d5bb02c-0ab9-44b1-b6be-6651f7fe5c72"><testcase classname="tests.test_reviewer_account.TestReviewerLogin" name="test_login_success_returns_token_and_user" time="0.467" /><testcase classname="tests.test_reviewer_account.TestReviewerLogin" name="test_login_wrong_password_returns_401" time="0.282" /><testcase classname="tests.test_reviewer_account.TestReviewerLogin" name="test_login_wrong_email_returns_401" time="0.051" /><testcase classname="tests.test_reviewer_account.TestReviewerMe" name="test_me_returns_reviewer_profile" time="0.353" /><testcase classname="tests.test_reviewer_account.TestReviewerMe" name="test_me_without_token_returns_401" time="0.055" /><testcase classname="tests.test_reviewer_account.TestReviewerPersistence" name="test_login_works_after_restart" time="3.046" /><testcase classname="tests.test_reviewer_account.TestReviewerPersistence" name="test_double_restart_no_duplicate" time="4.726" /></testsuite></testsuites>